<?xml version="1.0" encoding="UTF-8"?>
<!-- Generated by org.testng.reporters.JUnitReportReporter -->
<testsuite hostname="DESKTOP-1M2NCUN" failures="0" tests="1" name="testCases.Delete_A_Product" time="1.865" errors="0" timestamp="28 Jun 2021 23:02:28 GMT" skipped="0">
  <testcase classname="testCases.Delete_A_Product" name="Create_A_Product" time="1.865"/>
</testsuite> <!-- testCases.Delete_A_Product -->
