<?xml version="1.0" encoding="UTF-8"?>
<!-- Generated by org.testng.reporters.JUnitReportReporter -->
<testsuite hostname="DESKTOP-1M2NCUN" failures="0" tests="1" name="testCases.Get_Or_Read_All_Product" time="1.845" errors="0" timestamp="28 Jun 2021 23:03:03 GMT" skipped="0">
  <testcase classname="testCases.Get_Or_Read_All_Product" name="read_All_Products" time="1.845"/>
</testsuite> <!-- testCases.Get_Or_Read_All_Product -->
