<?xml version="1.0" encoding="UTF-8"?>
<!-- Generated by org.testng.reporters.JUnitReportReporter -->
<testsuite hostname="DESKTOP-1M2NCUN" failures="0" tests="1" name="testCases.Put_Or_Update_A_Product" time="1.652" errors="0" timestamp="28 Jun 2021 23:03:49 GMT" skipped="0">
  <testcase classname="testCases.Put_Or_Update_A_Product" name="Create_A_Product" time="1.652"/>
</testsuite> <!-- testCases.Put_Or_Update_A_Product -->
