<?xml version="1.0" encoding="UTF-8"?>
<!-- Generated by org.testng.reporters.JUnitReportReporter -->
<testsuite hostname="DESKTOP-1M2NCUN" failures="0" tests="1" name="testCases.Get_Or_Read_A_Product" time="2.113" errors="0" timestamp="28 Jun 2021 23:02:48 GMT" skipped="0">
  <testcase classname="testCases.Get_Or_Read_A_Product" name="read_All_Products" time="2.113"/>
</testsuite> <!-- testCases.Get_Or_Read_A_Product -->
