<?xml version="1.0" encoding="UTF-8"?>
<!-- Generated by org.testng.reporters.JUnitReportReporter -->
<testsuite hostname="DESKTOP-1M2NCUN" failures="0" tests="1" name="testCases.Post_Or_Create_A_Product" time="2.723" errors="0" timestamp="28 Jun 2021 23:03:34 GMT" skipped="0">
  <testcase classname="testCases.Post_Or_Create_A_Product" name="Create_A_Product" time="2.723"/>
</testsuite> <!-- testCases.Post_Or_Create_A_Product -->
